# JRE version: OpenJDK Runtime Environment (8.0_121-b13) (build 1.8.0_121-8u121-b13-0ubuntu1.16.04.2-b13)
# Java VM: OpenJDK 64-Bit Server VM (25.121-b13 mixed mode linux-amd64 compressed oops)
Heap:
 PSYoungGen      total 205312K, used 9783K [0x00000000d6e00000, 0x00000000e4300000, 0x0000000100000000)
  eden space 192512K, 0% used [0x00000000d6e00000,0x00000000d6e00000,0x00000000e2a00000)
  from space 12800K, 76% used [0x00000000e2a00000,0x00000000e338dd98,0x00000000e3680000)
  to   space 9728K, 0% used [0x00000000e3980000,0x00000000e3980000,0x00000000e4300000)
 ParOldGen       total 59904K, used 13769K [0x0000000084a00000, 0x0000000088480000, 0x00000000d6e00000)
  object space 59904K, 22% used [0x0000000084a00000,0x00000000857726e0,0x0000000088480000)
 Metaspace       used 27010K, capacity 27824K, committed 27952K, reserved 1073152K
  class space    used 3105K, capacity 3352K, committed 3376K, reserved 1048576K
GC Heap History (10 events):
Event: 5.819 GC heap after
Heap after GC invocations=5 (full 0):
 PSYoungGen      total 68608K, used 5104K [0x00000000d6e00000, 0x00000000dfd00000, 0x0000000100000000)
  eden space 63488K, 0% used [0x00000000d6e00000,0x00000000d6e00000,0x00000000dac00000)
  from space 5120K, 99% used [0x00000000dac00000,0x00000000db0fc010,0x00000000db100000)
  to   space 9728K, 0% used [0x00000000df380000,0x00000000df380000,0x00000000dfd00000)
 ParOldGen       total 84992K, used 7378K [0x0000000084a00000, 0x0000000089d00000, 0x00000000d6e00000)
  object space 84992K, 8% used [0x0000000084a00000,0x0000000085134b58,0x0000000089d00000)
 Metaspace       used 17324K, capacity 17728K, committed 18048K, reserved 1064960K
  class space    used 2021K, capacity 2152K, committed 2176K, reserved 1048576K
}
Event: 6.988 GC heap before
{Heap before GC invocations=6 (full 0):
 PSYoungGen      total 68608K, used 44300K [0x00000000d6e00000, 0x00000000dfd00000, 0x0000000100000000)
  eden space 63488K, 61% used [0x00000000d6e00000,0x00000000d9447220,0x00000000dac00000)
  from space 5120K, 99% used [0x00000000dac00000,0x00000000db0fc010,0x00000000db100000)
  to   space 9728K, 0% used [0x00000000df380000,0x00000000df380000,0x00000000dfd00000)
 ParOldGen       total 84992K, used 7378K [0x0000000084a00000, 0x0000000089d00000, 0x00000000d6e00000)
  object space 84992K, 8% used [0x0000000084a00000,0x0000000085134b58,0x0000000089d00000)
 Metaspace       used 20747K, capacity 21206K, committed 21296K, reserved 1069056K
  class space    used 2455K, capacity 2586K, committed 2608K, reserved 1048576K
Event: 7.069 GC heap after
Heap after GC invocations=6 (full 0):
 PSYoungGen      total 136704K, used 7604K [0x00000000d6e00000, 0x00000000dfd00000, 0x0000000100000000)
  eden space 126976K, 0% used [0x00000000d6e00000,0x00000000d6e00000,0x00000000dea00000)
  from space 9728K, 78% used [0x00000000df380000,0x00000000dfaed2c8,0x00000000dfd00000)
  to   space 9728K, 0% used [0x00000000dea00000,0x00000000dea00000,0x00000000df380000)
 ParOldGen       total 84992K, used 7386K [0x0000000084a00000, 0x0000000089d00000, 0x00000000d6e00000)
  object space 84992K, 8% used [0x0000000084a00000,0x0000000085136b58,0x0000000089d00000)
 Metaspace       used 20747K, capacity 21206K, committed 21296K, reserved 1069056K
  class space    used 2455K, capacity 2586K, committed 2608K, reserved 1048576K
}
Event: 7.069 GC heap before
{Heap before GC invocations=7 (full 1):
 PSYoungGen      total 136704K, used 7604K [0x00000000d6e00000, 0x00000000dfd00000, 0x0000000100000000)
  eden space 126976K, 0% used [0x00000000d6e00000,0x00000000d6e00000,0x00000000dea00000)
  from space 9728K, 78% used [0x00000000df380000,0x00000000dfaed2c8,0x00000000dfd00000)
  to   space 9728K, 0% used [0x00000000dea00000,0x00000000dea00000,0x00000000df380000)
 ParOldGen       total 84992K, used 7386K [0x0000000084a00000, 0x0000000089d00000, 0x00000000d6e00000)
  object space 84992K, 8% used [0x0000000084a00000,0x0000000085136b58,0x0000000089d00000)
 Metaspace       used 20747K, capacity 21206K, committed 21296K, reserved 1069056K
  class space    used 2455K, capacity 2586K, committed 2608K, reserved 1048576K
Event: 7.191 GC heap after
Heap after GC invocations=7 (full 1):
 PSYoungGen      total 136704K, used 0K [0x00000000d6e00000, 0x00000000dfd00000, 0x0000000100000000)
  eden space 126976K, 0% used [0x00000000d6e00000,0x00000000d6e00000,0x00000000dea00000)
  from space 9728K, 0% used [0x00000000df380000,0x00000000df380000,0x00000000dfd00000)
  to   space 9728K, 0% used [0x00000000dea00000,0x00000000dea00000,0x00000000df380000)
 ParOldGen       total 59904K, used 10781K [0x0000000084a00000, 0x0000000088480000, 0x00000000d6e00000)
  object space 59904K, 17% used [0x0000000084a00000,0x0000000085487750,0x0000000088480000)
 Metaspace       used 20747K, capacity 21206K, committed 21296K, reserved 1069056K
  class space    used 2455K, capacity 2586K, committed 2608K, reserved 1048576K
}
Event: 12.135 GC heap before
{Heap before GC invocations=8 (full 1):
 PSYoungGen      total 136704K, used 126976K [0x00000000d6e00000, 0x00000000dfd00000, 0x0000000100000000)
  eden space 126976K, 100% used [0x00000000d6e00000,0x00000000dea00000,0x00000000dea00000)
  from space 9728K, 0% used [0x00000000df380000,0x00000000df380000,0x00000000dfd00000)
  to   space 9728K, 0% used [0x00000000dea00000,0x00000000dea00000,0x00000000df380000)
 ParOldGen       total 59904K, used 10781K [0x0000000084a00000, 0x0000000088480000, 0x00000000d6e00000)
  object space 59904K, 17% used [0x0000000084a00000,0x0000000085487750,0x0000000088480000)
 Metaspace       used 26300K, capacity 27008K, committed 27184K, reserved 1073152K
  class space    used 3078K, capacity 3252K, committed 3376K, reserved 1048576K
Event: 12.168 GC heap after
Heap after GC invocations=8 (full 1):
 PSYoungGen      total 136704K, used 9716K [0x00000000d6e00000, 0x00000000e4580000, 0x0000000100000000)
  eden space 126976K, 0% used [0x00000000d6e00000,0x00000000d6e00000,0x00000000dea00000)
  from space 9728K, 99% used [0x00000000dea00000,0x00000000df37d3f8,0x00000000df380000)
  to   space 12288K, 0% used [0x00000000e3980000,0x00000000e3980000,0x00000000e4580000)
 ParOldGen       total 59904K, used 13753K [0x0000000084a00000, 0x0000000088480000, 0x00000000d6e00000)
  object space 59904K, 22% used [0x0000000084a00000,0x000000008576e6e0,0x0000000088480000)
 Metaspace       used 26300K, capacity 27008K, committed 27184K, reserved 1073152K
  class space    used 3078K, capacity 3252K, committed 3376K, reserved 1048576K
}
Event: 14.941 GC heap before
{Heap before GC invocations=9 (full 1):
 PSYoungGen      total 136704K, used 136692K [0x00000000d6e00000, 0x00000000e4580000, 0x0000000100000000)
  eden space 126976K, 100% used [0x00000000d6e00000,0x00000000dea00000,0x00000000dea00000)
  from space 9728K, 99% used [0x00000000dea00000,0x00000000df37d3f8,0x00000000df380000)
  to   space 12288K, 0% used [0x00000000e3980000,0x00000000e3980000,0x00000000e4580000)
 ParOldGen       total 59904K, used 13753K [0x0000000084a00000, 0x0000000088480000, 0x00000000d6e00000)
  object space 59904K, 22% used [0x0000000084a00000,0x000000008576e6e0,0x0000000088480000)
 Metaspace       used 26829K, capacity 27632K, committed 27952K, reserved 1073152K
  class space    used 3096K, capacity 3288K, committed 3376K, reserved 1048576K
Event: 14.977 GC heap after
Heap after GC invocations=9 (full 1):
 PSYoungGen      total 202240K, used 9697K [0x00000000d6e00000, 0x00000000e4300000, 0x0000000100000000)
  eden space 192512K, 0% used [0x00000000d6e00000,0x00000000d6e00000,0x00000000e2a00000)
  from space 9728K, 99% used [0x00000000e3980000,0x00000000e42f8708,0x00000000e4300000)
  to   space 12800K, 0% used [0x00000000e2a00000,0x00000000e2a00000,0x00000000e3680000)
 ParOldGen       total 59904K, used 13761K [0x0000000084a00000, 0x0000000088480000, 0x00000000d6e00000)
  object space 59904K, 22% used [0x0000000084a00000,0x00000000857706e0,0x0000000088480000)
 Metaspace       used 26829K, capacity 27632K, committed 27952K, reserved 1073152K
  class space    used 3096K, capacity 3288K, committed 3376K, reserved 1048576K
}
Event: 15.549 GC heap before
{Heap before GC invocations=10 (full 1):
 PSYoungGen      total 202240K, used 202209K [0x00000000d6e00000, 0x00000000e4300000, 0x0000000100000000)
  eden space 192512K, 100% used [0x00000000d6e00000,0x00000000e2a00000,0x00000000e2a00000)
  from space 9728K, 99% used [0x00000000e3980000,0x00000000e42f8708,0x00000000e4300000)
  to   space 12800K, 0% used [0x00000000e2a00000,0x00000000e2a00000,0x00000000e3680000)
 ParOldGen       total 59904K, used 13761K [0x0000000084a00000, 0x0000000088480000, 0x00000000d6e00000)
  object space 59904K, 22% used [0x0000000084a00000,0x00000000857706e0,0x0000000088480000)
 Metaspace       used 27010K, capacity 27824K, committed 27952K, reserved 1073152K
  class space    used 3105K, capacity 3352K, committed 3376K, reserved 1048576K

